Rotating Log - INFO - ['data/project/mm', 'data/project/immd']
Rotating Log - INFO - {'immd': 'data/project/immd/intent/intent_label.txt'}
Rotating Log - INFO - {'immd': 'data/project/immd/keyword/slot_label.txt'}
Rotating Log - INFO - {'immd': {'transit': 0, 'visit': 1, 'par_indian': 2, 'par_taiwan': 3, 'prc_transit': 4, 'crp': 5, 'marriage': 6, 'mbb_mainland_born_baby': 7, 'oversea_born_baby': 8, 'hkic_booking': 9, 'lost_hkic': 10, 'old_hong_kong': 11, 'ttps': 12, 'hsp_local': 13, 'hsp_overseas': 14, 'dependent': 15, 'roa_-_vepic,_hsp,_coe': 16, '7_years_vepic': 17, 'r2_extension': 18, 'visa_requirment': 19}}
Rotating Log - INFO - {'immd': {'PAD': 0, 'UNK': 1, '': 2, 'O': 3}}
werkzeug - INFO - [31m[1mWARNING: This is a development server. Do not use it in a production deployment. Use a production WSGI server instead.[0m
 * Running on all addresses (0.0.0.0)
 * Running on http://127.0.0.1:8081
 * Running on http://10.6.71.96:8081
werkzeug - INFO - [33mPress CTRL+C to quit[0m
Rotating Log - INFO - Inference Input:
Rotating Log - INFO - {'subject': '', 'content': 'æ•¬å•Ÿè€…ï¼šæ‚¨å¥½ï¼é—œæ–¼ç·šä¸‹æäº¤æ°¸å±…ç”³è«‹äº‹å®œï¼Œæœ¬äººæœ‰å¦‚ä¸‹å•é¡Œæƒ³è«®è©¢è²´è™•ï¼š1.æäº¤æ°¸å±…çš„è©±ï¼Œæ˜¯å¦éœ€è¦æäº¤çµ¦å±…ç•™æ¬Šçµ„ï¼Ÿåœ°é»æ˜¯å¦åœ¨ç£ä»”è¾¦å…¬å®¤ï¼Ÿåœ¨å“ªä¸€å±¤æ¨“çš„å“ªå€‹çª—å£äº¤è³‡æ–™ï¼Ÿ2.æ˜¯å¦éœ€è¦æå‰é ç´„ï¼Ÿå¦‚éœ€ï¼Œå¦‚ä½•é ç´„ï¼Ÿ3.æœ‰å“ªäº›æ–‡ä»¶æ˜¯åœ¨äº¤è³‡æ–™æ™‚å¿…é ˆæäº¤çš„ï¼Ÿå“ªäº›æ˜¯å¯ä»¥å€™è£œçš„ï¼Ÿ4.äº¤å®Œè³‡æ–™å¾Œï¼Œæ˜¯å¦æœƒæœ‰å›åŸ·ï¼Œè­‰æ˜æœ¬äººçš„è³‡æ–™æ˜¯äº¤éçš„ï¼Ÿ5.å¦‚æœç·šä¸‹éäº¤ï¼Œæ˜¯å¦ä¸€å®šè¦ç”³è«‹äººæœ¬äººè¦ªè‡ªå‰å¾€ï¼Ÿç…©è«‹é–£ä¸‹å°±ä»¥ä¸Šå•é¡Œçµ¦äºˆæŒ‡å°ï¼Œä¸å‹æ„Ÿæ¿€ï¼', 'project': 'immd'}
Rotating Log - INFO - immd
Rotating Log - INFO - 
Rotating Log - INFO - æ•¬å•Ÿè€…ï¼šæ‚¨å¥½ï¼é—œæ–¼ç·šä¸‹æäº¤æ°¸å±…ç”³è«‹äº‹å®œï¼Œæœ¬äººæœ‰å¦‚ä¸‹å•é¡Œæƒ³è«®è©¢è²´è™•ï¼š1.æäº¤æ°¸å±…çš„è©±ï¼Œæ˜¯å¦éœ€è¦æäº¤çµ¦å±…ç•™æ¬Šçµ„ï¼Ÿåœ°é»æ˜¯å¦åœ¨ç£ä»”è¾¦å…¬å®¤ï¼Ÿåœ¨å“ªä¸€å±¤æ¨“çš„å“ªå€‹çª—å£äº¤è³‡æ–™ï¼Ÿ2.æ˜¯å¦éœ€è¦æå‰é ç´„ï¼Ÿå¦‚éœ€ï¼Œå¦‚ä½•é ç´„ï¼Ÿ3.æœ‰å“ªäº›æ–‡ä»¶æ˜¯åœ¨äº¤è³‡æ–™æ™‚å¿…é ˆæäº¤çš„ï¼Ÿå“ªäº›æ˜¯å¯ä»¥å€™è£œçš„ï¼Ÿ4.äº¤å®Œè³‡æ–™å¾Œï¼Œæ˜¯å¦æœƒæœ‰å›åŸ·ï¼Œè­‰æ˜æœ¬äººçš„è³‡æ–™æ˜¯äº¤éçš„ï¼Ÿ5.å¦‚æœç·šä¸‹éäº¤ï¼Œæ˜¯å¦ä¸€å®šè¦ç”³è«‹äººæœ¬äººè¦ªè‡ªå‰å¾€ï¼Ÿç…©è«‹é–£ä¸‹å°±ä»¥ä¸Šå•é¡Œçµ¦äºˆæŒ‡å°ï¼Œä¸å‹æ„Ÿæ¿€ï¼
Rotating Log - INFO - 
Rotating Log - INFO - æ•¬å•Ÿè€…ï¼šæ‚¨å¥½ï¼é—œæ–¼ç·šä¸‹æäº¤æ°¸å±…ç”³è«‹äº‹å®œï¼Œæœ¬äººæœ‰å¦‚ä¸‹å•é¡Œæƒ³è«®è©¢è²´è™•ï¼š1.æäº¤æ°¸å±…çš„è©±ï¼Œæ˜¯å¦éœ€è¦æäº¤çµ¦å±…ç•™æ¬Šçµ„ï¼Ÿåœ°é»æ˜¯å¦åœ¨ç£ä»”è¾¦å…¬å®¤ï¼Ÿåœ¨å“ªä¸€å±¤æ¨“çš„å“ªå€‹çª—å£äº¤è³‡æ–™ï¼Ÿ2.æ˜¯å¦éœ€è¦æå‰é ç´„ï¼Ÿå¦‚éœ€ï¼Œå¦‚ä½•é ç´„ï¼Ÿ3.æœ‰å“ªäº›æ–‡ä»¶æ˜¯åœ¨äº¤è³‡æ–™æ™‚å¿…é ˆæäº¤çš„ï¼Ÿå“ªäº›æ˜¯å¯ä»¥å€™è£œçš„ï¼Ÿ4.äº¤å®Œè³‡æ–™å¾Œï¼Œæ˜¯å¦æœƒæœ‰å›åŸ·ï¼Œè­‰æ˜æœ¬äººçš„è³‡æ–™æ˜¯äº¤éçš„ï¼Ÿ5.å¦‚æœç·šä¸‹éäº¤ï¼Œæ˜¯å¦ä¸€å®šè¦ç”³è«‹äººæœ¬äººè¦ªè‡ªå‰å¾€ï¼Ÿç…©è«‹é–£ä¸‹å°±ä»¥ä¸Šå•é¡Œçµ¦äºˆæŒ‡å°ï¼Œä¸å‹æ„Ÿæ¿€ï¼
Rotating Log - INFO - type of ner model:
Rotating Log - INFO - <class 'tuple'>
Rotating Log - INFO - ([], [])
Rotating Log - INFO - start inferring...
Rotating Log - INFO - intent results:
Rotating Log - INFO - [{'topic': '7_years_vepic', 'con': 0.9880441}]
root - ERROR - Exception occurred
Traceback (most recent call last):
  File "nlp_pipeline.py", line 256, in get_topic_and_keywords
    intent_labels, slots = nlu(text, project)
  File "nlp_pipeline.py", line 149, in nlu
    slots = nlu_predict_m(
  File "/opt/ct-nlp/email-classification/nlu_ner_infer.py", line 190, in nlu_predict_m
    joint_model.eval()
AttributeError: 'tuple' object has no attribute 'eval'
werkzeug - INFO - 127.0.0.1 - - [22/Dec/2023 16:44:18] "POST /api/classify_email_and_get_keywords HTTP/1.1" 200 -
